# JRE version: Java(TM) SE Runtime Environment (8.0_74-b02) (build 1.8.0_74-b02)
# Java VM: Java HotSpot(TM) 64-Bit Server VM (25.74-b02 mixed mode linux-amd64 compressed oops)
Heap:
 PSYoungGen      total 578560K, used 209065K [0x00000000d6d80000, 0x00000000ffc00000, 0x0000000100000000)
  eden space 559616K, 37% used [0x00000000d6d80000,0x00000000e39aa7f8,0x00000000f9000000)
  from space 18944K, 0% used [0x00000000f9000000,0x00000000f9000000,0x00000000fa280000)
  to   space 20480K, 0% used [0x00000000fe800000,0x00000000fe800000,0x00000000ffc00000)
 ParOldGen       total 151552K, used 56077K [0x0000000084800000, 0x000000008dc00000, 0x00000000d6d80000)
  object space 151552K, 37% used [0x0000000084800000,0x0000000087ec3680,0x000000008dc00000)
 Metaspace       used 65959K, capacity 67350K, committed 67416K, reserved 1107968K
  class space    used 7779K, capacity 8032K, committed 8064K, reserved 1048576K
GC Heap History (10 events):
Event: 14,864 GC heap before
{Heap before GC invocations=16 (full 2):
 PSYoungGen      total 396288K, used 379200K [0x00000000d6d80000, 0x00000000f5580000, 0x0000000100000000)
  eden space 374784K, 100% used [0x00000000d6d80000,0x00000000edb80000,0x00000000edb80000)
  from space 21504K, 20% used [0x00000000edb80000,0x00000000edfd0010,0x00000000ef080000)
  to   space 20992K, 0% used [0x00000000f4100000,0x00000000f4100000,0x00000000f5580000)
 ParOldGen       total 107520K, used 48971K [0x0000000084800000, 0x000000008b100000, 0x00000000d6d80000)
  object space 107520K, 45% used [0x0000000084800000,0x00000000877d2e20,0x000000008b100000)
 Metaspace       used 50963K, capacity 51526K, committed 51840K, reserved 1095680K
  class space    used 6303K, capacity 6451K, committed 6528K, reserved 1048576K
Event: 14,880 GC heap after
Heap after GC invocations=16 (full 2):
 PSYoungGen      total 479232K, used 4672K [0x00000000d6d80000, 0x00000000f5580000, 0x0000000100000000)
  eden space 458240K, 0% used [0x00000000d6d80000,0x00000000d6d80000,0x00000000f2d00000)
  from space 20992K, 22% used [0x00000000f4100000,0x00000000f4590010,0x00000000f5580000)
  to   space 20480K, 0% used [0x00000000f2d00000,0x00000000f2d00000,0x00000000f4100000)
 ParOldGen       total 107520K, used 48979K [0x0000000084800000, 0x000000008b100000, 0x00000000d6d80000)
  object space 107520K, 45% used [0x0000000084800000,0x00000000877d4e20,0x000000008b100000)
 Metaspace       used 50963K, capacity 51526K, committed 51840K, reserved 1095680K
  class space    used 6303K, capacity 6451K, committed 6528K, reserved 1048576K
}
Event: 15,664 GC heap before
{Heap before GC invocations=17 (full 2):
 PSYoungGen      total 479232K, used 462912K [0x00000000d6d80000, 0x00000000f5580000, 0x0000000100000000)
  eden space 458240K, 100% used [0x00000000d6d80000,0x00000000f2d00000,0x00000000f2d00000)
  from space 20992K, 22% used [0x00000000f4100000,0x00000000f4590010,0x00000000f5580000)
  to   space 20480K, 0% used [0x00000000f2d00000,0x00000000f2d00000,0x00000000f4100000)
 ParOldGen       total 107520K, used 48979K [0x0000000084800000, 0x000000008b100000, 0x00000000d6d80000)
  object space 107520K, 45% used [0x0000000084800000,0x00000000877d4e20,0x000000008b100000)
 Metaspace       used 50984K, capacity 51532K, committed 51840K, reserved 1095680K
  class space    used 6304K, capacity 6452K, committed 6528K, reserved 1048576K
Event: 15,674 GC heap after
Heap after GC invocations=17 (full 2):
 PSYoungGen      total 478720K, used 5088K [0x00000000d6d80000, 0x00000000fb600000, 0x0000000100000000)
  eden space 458240K, 0% used [0x00000000d6d80000,0x00000000d6d80000,0x00000000f2d00000)
  from space 20480K, 24% used [0x00000000f2d00000,0x00000000f31f8010,0x00000000f4100000)
  to   space 19968K, 0% used [0x00000000fa280000,0x00000000fa280000,0x00000000fb600000)
 ParOldGen       total 107520K, used 48979K [0x0000000084800000, 0x000000008b100000, 0x00000000d6d80000)
  object space 107520K, 45% used [0x0000000084800000,0x00000000877d4e20,0x000000008b100000)
 Metaspace       used 50984K, capacity 51532K, committed 51840K, reserved 1095680K
  class space    used 6304K, capacity 6452K, committed 6528K, reserved 1048576K
}
Event: 16,523 GC heap before
{Heap before GC invocations=18 (full 2):
 PSYoungGen      total 478720K, used 463328K [0x00000000d6d80000, 0x00000000fb600000, 0x0000000100000000)
  eden space 458240K, 100% used [0x00000000d6d80000,0x00000000f2d00000,0x00000000f2d00000)
  from space 20480K, 24% used [0x00000000f2d00000,0x00000000f31f8010,0x00000000f4100000)
  to   space 19968K, 0% used [0x00000000fa280000,0x00000000fa280000,0x00000000fb600000)
 ParOldGen       total 107520K, used 48979K [0x0000000084800000, 0x000000008b100000, 0x00000000d6d80000)
  object space 107520K, 45% used [0x0000000084800000,0x00000000877d4e20,0x000000008b100000)
 Metaspace       used 50997K, capacity 51532K, committed 51840K, reserved 1095680K
  class space    used 6305K, capacity 6452K, committed 6528K, reserved 1048576K
Event: 16,536 GC heap after
Heap after GC invocations=18 (full 2):
 PSYoungGen      total 578560K, used 5440K [0x00000000d6d80000, 0x00000000fb500000, 0x0000000100000000)
  eden space 559616K, 0% used [0x00000000d6d80000,0x00000000d6d80000,0x00000000f9000000)
  from space 18944K, 28% used [0x00000000fa280000,0x00000000fa7d0010,0x00000000fb500000)
  to   space 18944K, 0% used [0x00000000f9000000,0x00000000f9000000,0x00000000fa280000)
 ParOldGen       total 107520K, used 48979K [0x0000000084800000, 0x000000008b100000, 0x00000000d6d80000)
  object space 107520K, 45% used [0x0000000084800000,0x00000000877d4e20,0x000000008b100000)
 Metaspace       used 50997K, capacity 51532K, committed 51840K, reserved 1095680K
  class space    used 6305K, capacity 6452K, committed 6528K, reserved 1048576K
}
Event: 33,176 GC heap before
{Heap before GC invocations=19 (full 2):
 PSYoungGen      total 578560K, used 467939K [0x00000000d6d80000, 0x00000000fb500000, 0x0000000100000000)
  eden space 559616K, 82% used [0x00000000d6d80000,0x00000000f3128c78,0x00000000f9000000)
  from space 18944K, 28% used [0x00000000fa280000,0x00000000fa7d0010,0x00000000fb500000)
  to   space 18944K, 0% used [0x00000000f9000000,0x00000000f9000000,0x00000000fa280000)
 ParOldGen       total 107520K, used 48979K [0x0000000084800000, 0x000000008b100000, 0x00000000d6d80000)
  object space 107520K, 45% used [0x0000000084800000,0x00000000877d4e20,0x000000008b100000)
 Metaspace       used 58331K, capacity 58806K, committed 59096K, reserved 1101824K
  class space    used 6947K, capacity 7063K, committed 7168K, reserved 1048576K
Event: 33,195 GC heap after
Heap after GC invocations=19 (full 2):
 PSYoungGen      total 578560K, used 15039K [0x00000000d6d80000, 0x00000000ffc00000, 0x0000000100000000)
  eden space 559616K, 0% used [0x00000000d6d80000,0x00000000d6d80000,0x00000000f9000000)
  from space 18944K, 79% used [0x00000000f9000000,0x00000000f9eaff38,0x00000000fa280000)
  to   space 20480K, 0% used [0x00000000fe800000,0x00000000fe800000,0x00000000ffc00000)
 ParOldGen       total 107520K, used 48987K [0x0000000084800000, 0x000000008b100000, 0x00000000d6d80000)
  object space 107520K, 45% used [0x0000000084800000,0x00000000877d6e20,0x000000008b100000)
 Metaspace       used 58331K, capacity 58806K, committed 59096K, reserved 1101824K
  class space    used 6947K, capacity 7063K, committed 7168K, reserved 1048576K
}
Event: 33,195 GC heap before
{Heap before GC invocations=20 (full 3):
 PSYoungGen      total 578560K, used 15039K [0x00000000d6d80000, 0x00000000ffc00000, 0x0000000100000000)
  eden space 559616K, 0% used [0x00000000d6d80000,0x00000000d6d80000,0x00000000f9000000)
  from space 18944K, 79% used [0x00000000f9000000,0x00000000f9eaff38,0x00000000fa280000)
  to   space 20480K, 0% used [0x00000000fe800000,0x00000000fe800000,0x00000000ffc00000)
 ParOldGen       total 107520K, used 48987K [0x0000000084800000, 0x000000008b100000, 0x00000000d6d80000)
  object space 107520K, 45% used [0x0000000084800000,0x00000000877d6e20,0x000000008b100000)
 Metaspace       used 58331K, capacity 58806K, committed 59096K, reserved 1101824K
  class space    used 6947K, capacity 7063K, committed 7168K, reserved 1048576K
Event: 33,378 GC heap after
Heap after GC invocations=20 (full 3):
 PSYoungGen      total 578560K, used 0K [0x00000000d6d80000, 0x00000000ffc00000, 0x0000000100000000)
  eden space 559616K, 0% used [0x00000000d6d80000,0x00000000d6d80000,0x00000000f9000000)
  from space 18944K, 0% used [0x00000000f9000000,0x00000000f9000000,0x00000000fa280000)
  to   space 20480K, 0% used [0x00000000fe800000,0x00000000fe800000,0x00000000ffc00000)
 ParOldGen       total 151552K, used 56077K [0x0000000084800000, 0x000000008dc00000, 0x00000000d6d80000)
  object space 151552K, 37% used [0x0000000084800000,0x0000000087ec3680,0x000000008dc00000)
 Metaspace       used 58308K, capacity 58770K, committed 59096K, reserved 1101824K
  class space    used 6943K, capacity 7057K, committed 7168K, reserved 1048576K
}

